<?xml version="1.0" encoding="UTF-8"?>
<!-- Generated by org.testng.reporters.JUnitReportReporter -->
<testsuite hostname="NGBLR-01138" failures="0" tests="1" name="StringVowels" time="0.017" errors="0" timestamp="2022-04-28T22:36:17 IST" skipped="0">
  <testcase classname="StringVowels" name="vowels" time="0.017"/>
  <system-out/>
</testsuite> <!-- StringVowels -->
