<?xml version="1.0" encoding="UTF-8"?>
<!-- Generated by org.testng.reporters.JUnitReportReporter -->
<testsuite hostname="NGBLR-01138" failures="0" tests="1" name="Test.Test01.Collections.HashSetTraversal" time="0.019" errors="0" timestamp="2022-04-28T22:15:38 IST" skipped="0">
  <testcase classname="Test.Test01.Collections.HashSetTraversal" name="hasSet" time="0.019"/>
  <system-out/>
</testsuite> <!-- Test.Test01.Collections.HashSetTraversal -->
