<?xml version="1.0" encoding="UTF-8"?>
<!-- Generated by org.testng.reporters.JUnitReportReporter -->
<testsuite hostname="NGBLR-01138" failures="0" tests="1" name="Test.Test01.SwapNumber" time="0.012" errors="0" timestamp="2022-04-28T21:50:53 IST" skipped="0">
  <testcase classname="Test.Test01.SwapNumber" name="swapNumber" time="0.012"/>
  <system-out/>
</testsuite> <!-- Test.Test01.SwapNumber -->
