<?xml version="1.0" encoding="UTF-8"?>
<!-- Generated by org.testng.reporters.JUnitReportReporter -->
<testsuite hostname="NGBLR-01138" failures="0" tests="1" name="Test.Test01.FileHandlingSelenium" time="7.193" errors="0" timestamp="2022-04-04T15:39:36 IST" skipped="0">
  <testcase classname="Test.Test01.FileHandlingSelenium" name="windHandle" time="7.193"/>
  <system-out>
    <![CDATA[Navigated to Page]]>
  </system-out>
</testsuite> <!-- Test.Test01.FileHandlingSelenium -->
