<?xml version="1.0" encoding="UTF-8"?>
<!-- Generated by org.testng.reporters.JUnitReportReporter -->
<testsuite hostname="NGBLR-01138" failures="0" tests="1" name="Test.Test01.DemoTest1" time="0.014" errors="0" timestamp="2022-04-28T21:40:16 IST" skipped="0">
  <testcase classname="Test.Test01.DemoTest1" name="testDemo" time="0.014"/>
  <system-out/>
</testsuite> <!-- Test.Test01.DemoTest1 -->
