<?xml version="1.0" encoding="UTF-8"?>
<!-- Generated by org.testng.reporters.JUnitReportReporter -->
<testsuite hostname="NGBLR-01138" failures="0" tests="1" name="Test.Test01.Collections.ArrayListTraversal" time="0.024" errors="0" timestamp="2022-06-07T07:33:33 IST" skipped="0">
  <testcase classname="Test.Test01.Collections.ArrayListTraversal" name="arrayList" time="0.024"/>
  <system-out/>
</testsuite> <!-- Test.Test01.Collections.ArrayListTraversal -->
