<?xml version="1.0" encoding="UTF-8"?>
<!-- Generated by org.testng.reporters.JUnitReportReporter -->
<testsuite hostname="NGBLR-01138" failures="0" tests="1" name="Test.Test01.StringKiranOne" time="0.013" errors="0" timestamp="2022-04-05T10:57:44 IST" skipped="0">
  <testcase classname="Test.Test01.StringKiranOne" name="method1" time="0.013"/>
  <system-out/>
</testsuite> <!-- Test.Test01.StringKiranOne -->
